<?xml version="1.0" encoding="UTF-8"?>
<testsuite name="com.heon9u.springboot.web.dto.HelloResponseDtoTest" tests="1" skipped="0" failures="0" errors="0" timestamp="2021-07-14T05:58:43" hostname="DESKTOP-E26FVHU" time="0.002">
  <properties/>
  <testcase name="롬북_기능_테스트" classname="com.heon9u.springboot.web.dto.HelloResponseDtoTest" time="0.002"/>
  <system-out><![CDATA[]]></system-out>
  <system-err><![CDATA[]]></system-err>
</testsuite>
