<?xml version="1.0" encoding="UTF-8"?>
<testsuite name="com.heon9u.springboot.web.domain.posts.PostsRepositoryTest" tests="2" skipped="0" failures="0" errors="0" timestamp="2021-07-26T12:15:28" hostname="DESKTOP-E26FVHU" time="0.474">
  <properties/>
  <testcase name="게시글저장_불러오기" classname="com.heon9u.springboot.web.domain.posts.PostsRepositoryTest" time="0.463"/>
  <testcase name="BaseTimeEntity_등록" classname="com.heon9u.springboot.web.domain.posts.PostsRepositoryTest" time="0.01"/>
  <system-out><![CDATA[21:15:18.582 [Test worker] DEBUG org.springframework.test.context.junit4.SpringJUnit4ClassRunner - SpringJUnit4ClassRunner constructor called with [class com.heon9u.springboot.web.domain.posts.PostsRepositoryTest]
21:15:18.589 [Test worker] DEBUG org.springframework.test.context.BootstrapUtils - Instantiating CacheAwareContextLoaderDelegate from class [org.springframework.test.context.cache.DefaultCacheAwareContextLoaderDelegate]
21:15:18.601 [Test worker] DEBUG org.springframework.test.context.BootstrapUtils - Instantiating BootstrapContext using constructor [public org.springframework.test.context.support.DefaultBootstrapContext(java.lang.Class,org.springframework.test.context.CacheAwareContextLoaderDelegate)]
21:15:18.617 [Test worker] DEBUG org.springframework.test.context.BootstrapUtils - Instantiating TestContextBootstrapper for test class [com.heon9u.springboot.web.domain.posts.PostsRepositoryTest] from class [org.springframework.boot.test.context.SpringBootTestContextBootstrapper]
21:15:18.631 [Test worker] INFO org.springframework.boot.test.context.SpringBootTestContextBootstrapper - Neither @ContextConfiguration nor @ContextHierarchy found for test class [com.heon9u.springboot.web.domain.posts.PostsRepositoryTest], using SpringBootContextLoader
21:15:18.636 [Test worker] DEBUG org.springframework.test.context.support.AbstractContextLoader - Did not detect default resource location for test class [com.heon9u.springboot.web.domain.posts.PostsRepositoryTest]: class path resource [com/heon9u/springboot/web/domain/posts/PostsRepositoryTest-context.xml] does not exist
21:15:18.637 [Test worker] DEBUG org.springframework.test.context.support.AbstractContextLoader - Did not detect default resource location for test class [com.heon9u.springboot.web.domain.posts.PostsRepositoryTest]: class path resource [com/heon9u/springboot/web/domain/posts/PostsRepositoryTestContext.groovy] does not exist
21:15:18.638 [Test worker] INFO org.springframework.test.context.support.AbstractContextLoader - Could not detect default resource locations for test class [com.heon9u.springboot.web.domain.posts.PostsRepositoryTest]: no resource found for suffixes {-context.xml, Context.groovy}.
21:15:18.639 [Test worker] INFO org.springframework.test.context.support.AnnotationConfigContextLoaderUtils - Could not detect default configuration classes for test class [com.heon9u.springboot.web.domain.posts.PostsRepositoryTest]: PostsRepositoryTest does not declare any static, non-private, non-final, nested classes annotated with @Configuration.
21:15:18.690 [Test worker] DEBUG org.springframework.test.context.support.ActiveProfilesUtils - Could not find an 'annotation declaring class' for annotation type [org.springframework.test.context.ActiveProfiles] and class [com.heon9u.springboot.web.domain.posts.PostsRepositoryTest]
21:15:18.836 [Test worker] DEBUG org.springframework.context.annotation.ClassPathScanningCandidateComponentProvider - Identified candidate component class: file [C:\Users\82103\Desktop\IntelliJ_Project\build\classes\java\main\com\heon9u\springboot\Application.class]
21:15:18.838 [Test worker] INFO org.springframework.boot.test.context.SpringBootTestContextBootstrapper - Found @SpringBootConfiguration com.heon9u.springboot.Application for test class com.heon9u.springboot.web.domain.posts.PostsRepositoryTest
21:15:18.982 [Test worker] DEBUG org.springframework.boot.test.context.SpringBootTestContextBootstrapper - @TestExecutionListeners is not present for class [com.heon9u.springboot.web.domain.posts.PostsRepositoryTest]: using defaults.
21:15:18.983 [Test worker] INFO org.springframework.boot.test.context.SpringBootTestContextBootstrapper - Loaded default TestExecutionListener class names from location [META-INF/spring.factories]: [org.springframework.security.test.context.support.WithSecurityContextTestExecutionListener, org.springframework.security.test.context.support.ReactorContextTestExecutionListener, org.springframework.boot.test.autoconfigure.restdocs.RestDocsTestExecutionListener, org.springframework.boot.test.autoconfigure.web.client.MockRestServiceServerResetTestExecutionListener, org.springframework.boot.test.autoconfigure.web.servlet.MockMvcPrintOnlyOnFailureTestExecutionListener, org.springframework.boot.test.autoconfigure.web.servlet.WebDriverTestExecutionListener, org.springframework.boot.test.mock.mockito.MockitoTestExecutionListener, org.springframework.boot.test.mock.mockito.ResetMocksTestExecutionListener, org.springframework.test.context.web.ServletTestExecutionListener, org.springframework.test.context.support.DirtiesContextBeforeModesTestExecutionListener, org.springframework.test.context.support.DependencyInjectionTestExecutionListener, org.springframework.test.context.support.DirtiesContextTestExecutionListener, org.springframework.test.context.transaction.TransactionalTestExecutionListener, org.springframework.test.context.jdbc.SqlScriptsTestExecutionListener]
21:15:19.014 [Test worker] INFO org.springframework.boot.test.context.SpringBootTestContextBootstrapper - Using TestExecutionListeners: [org.springframework.test.context.web.ServletTestExecutionListener@48fa61d8, org.springframework.test.context.support.DirtiesContextBeforeModesTestExecutionListener@44ea0e63, org.springframework.boot.test.mock.mockito.MockitoTestExecutionListener@df18288, org.springframework.boot.test.autoconfigure.SpringBootDependencyInjectionTestExecutionListener@36cb2b15, org.springframework.test.context.support.DirtiesContextTestExecutionListener@2da478b5, org.springframework.test.context.transaction.TransactionalTestExecutionListener@39a9e274, org.springframework.test.context.jdbc.SqlScriptsTestExecutionListener@384dc20b, org.springframework.security.test.context.support.WithSecurityContextTestExecutionListener@57b1d594, org.springframework.security.test.context.support.ReactorContextTestExecutionListener@595e6e07, org.springframework.boot.test.autoconfigure.restdocs.RestDocsTestExecutionListener@2f928d1a, org.springframework.boot.test.autoconfigure.web.client.MockRestServiceServerResetTestExecutionListener@79995f79, org.springframework.boot.test.autoconfigure.web.servlet.MockMvcPrintOnlyOnFailureTestExecutionListener@205d28ab, org.springframework.boot.test.autoconfigure.web.servlet.WebDriverTestExecutionListener@a5954f1, org.springframework.boot.test.mock.mockito.ResetMocksTestExecutionListener@3198f2fd]
21:15:19.019 [Test worker] DEBUG org.springframework.test.annotation.ProfileValueUtils - Retrieved @ProfileValueSourceConfiguration [null] for test class [com.heon9u.springboot.web.domain.posts.PostsRepositoryTest]
21:15:19.020 [Test worker] DEBUG org.springframework.test.annotation.ProfileValueUtils - Retrieved ProfileValueSource type [class org.springframework.test.annotation.SystemProfileValueSource] for class [com.heon9u.springboot.web.domain.posts.PostsRepositoryTest]
21:15:19.021 [Test worker] DEBUG org.springframework.test.annotation.ProfileValueUtils - Retrieved @ProfileValueSourceConfiguration [null] for test class [com.heon9u.springboot.web.domain.posts.PostsRepositoryTest]
21:15:19.022 [Test worker] DEBUG org.springframework.test.annotation.ProfileValueUtils - Retrieved ProfileValueSource type [class org.springframework.test.annotation.SystemProfileValueSource] for class [com.heon9u.springboot.web.domain.posts.PostsRepositoryTest]
21:15:19.033 [Test worker] DEBUG org.springframework.test.context.support.AbstractDirtiesContextTestExecutionListener - Before test class: context [DefaultTestContext@67e6dd85 testClass = PostsRepositoryTest, testInstance = [null], testMethod = [null], testException = [null], mergedContextConfiguration = [WebMergedContextConfiguration@23ddfc40 testClass = PostsRepositoryTest, locations = '{}', classes = '{class com.heon9u.springboot.Application}', contextInitializerClasses = '[]', activeProfiles = '{}', propertySourceLocations = '{}', propertySourceProperties = '{org.springframework.boot.test.context.SpringBootTestContextBootstrapper=true}', contextCustomizers = set[org.springframework.boot.test.autoconfigure.properties.PropertyMappingContextCustomizer@0, org.springframework.boot.test.autoconfigure.web.servlet.WebDriverContextCustomizerFactory$Customizer@eacbacf, org.springframework.boot.test.context.filter.ExcludeFilterContextCustomizer@35f07766, org.springframework.boot.test.json.DuplicateJsonObjectContextCustomizerFactory$DuplicateJsonObjectContextCustomizer@1d0c9dcf, org.springframework.boot.test.mock.mockito.MockitoContextCustomizer@0, org.springframework.boot.test.web.client.TestRestTemplateContextCustomizer@103d6a8e], resourceBasePath = 'src/main/webapp', contextLoader = 'org.springframework.boot.test.context.SpringBootContextLoader', parent = [null]], attributes = map['org.springframework.test.context.web.ServletTestExecutionListener.activateListener' -> true]], class annotated with @DirtiesContext [false] with mode [null].
21:15:19.034 [Test worker] DEBUG org.springframework.test.annotation.ProfileValueUtils - Retrieved @ProfileValueSourceConfiguration [null] for test class [com.heon9u.springboot.web.domain.posts.PostsRepositoryTest]
21:15:19.034 [Test worker] DEBUG org.springframework.test.annotation.ProfileValueUtils - Retrieved ProfileValueSource type [class org.springframework.test.annotation.SystemProfileValueSource] for class [com.heon9u.springboot.web.domain.posts.PostsRepositoryTest]
21:15:19.069 [Test worker] DEBUG org.springframework.test.context.support.TestPropertySourceUtils - Adding inlined properties to environment: {spring.jmx.enabled=false, org.springframework.boot.test.context.SpringBootTestContextBootstrapper=true, server.port=-1}

  .   ____          _            __ _ _
 /\\ / ___'_ __ _ _(_)_ __  __ _ \ \ \ \
( ( )\___ | '_ | '_| | '_ \/ _` | \ \ \ \
 \\/  ___)| |_)| | | | | || (_| |  ) ) ) )
  '  |____| .__|_| |_|_| |_\__, | / / / /
 =========|_|==============|___/=/_/_/_/
 :: Spring Boot ::        (v2.1.7.RELEASE)

2021-07-26 21:15:19.445  INFO 12048 --- [    Test worker] c.h.s.w.d.posts.PostsRepositoryTest      : Starting PostsRepositoryTest on DESKTOP-E26FVHU with PID 12048 (started by 82103 in C:\Users\82103\Desktop\IntelliJ_Project)
2021-07-26 21:15:19.447  INFO 12048 --- [    Test worker] c.h.s.w.d.posts.PostsRepositoryTest      : No active profile set, falling back to default profiles: default
2021-07-26 21:15:20.888  INFO 12048 --- [    Test worker] .s.d.r.c.RepositoryConfigurationDelegate : Bootstrapping Spring Data repositories in DEFAULT mode.
2021-07-26 21:15:21.058  INFO 12048 --- [    Test worker] .s.d.r.c.RepositoryConfigurationDelegate : Finished Spring Data repository scanning in 150ms. Found 2 repository interfaces.
2021-07-26 21:15:22.043  INFO 12048 --- [    Test worker] trationDelegate$BeanPostProcessorChecker : Bean 'org.springframework.transaction.annotation.ProxyTransactionManagementConfiguration' of type [org.springframework.transaction.annotation.ProxyTransactionManagementConfiguration$$EnhancerBySpringCGLIB$$18a878d2] is not eligible for getting processed by all BeanPostProcessors (for example: not eligible for auto-proxying)
2021-07-26 21:15:22.481  INFO 12048 --- [    Test worker] com.zaxxer.hikari.HikariDataSource       : HikariPool-1 - Starting...
2021-07-26 21:15:22.767  INFO 12048 --- [    Test worker] com.zaxxer.hikari.HikariDataSource       : HikariPool-1 - Start completed.
2021-07-26 21:15:22.923  INFO 12048 --- [    Test worker] o.hibernate.jpa.internal.util.LogHelper  : HHH000204: Processing PersistenceUnitInfo [
	name: default
	...]
2021-07-26 21:15:23.087  INFO 12048 --- [    Test worker] org.hibernate.Version                    : HHH000412: Hibernate Core {5.3.10.Final}
2021-07-26 21:15:23.092  INFO 12048 --- [    Test worker] org.hibernate.cfg.Environment            : HHH000206: hibernate.properties not found
2021-07-26 21:15:23.426  INFO 12048 --- [    Test worker] o.hibernate.annotations.common.Version   : HCANN000001: Hibernate Commons Annotations {5.0.4.Final}
2021-07-26 21:15:23.725  INFO 12048 --- [    Test worker] org.hibernate.dialect.Dialect            : HHH000400: Using dialect: org.hibernate.dialect.MySQL5InnoDBDialect
Hibernate: drop table if exists posts
Hibernate: drop table if exists user
Hibernate: create table posts (id bigint not null auto_increment, created_date datetime, modified_date datetime, author varchar(255), content TEXT not null, title varchar(500) not null, primary key (id)) engine=InnoDB
Hibernate: create table user (id bigint not null auto_increment, created_date datetime, modified_date datetime, email varchar(255) not null, name varchar(255) not null, picture varchar(255), role varchar(255) not null, primary key (id)) engine=InnoDB
2021-07-26 21:15:24.703  INFO 12048 --- [    Test worker] o.h.t.schema.internal.SchemaCreatorImpl  : HHH000476: Executing import script 'org.hibernate.tool.schema.internal.exec.ScriptSourceInputNonExistentImpl@437f9d13'
2021-07-26 21:15:24.707  INFO 12048 --- [    Test worker] j.LocalContainerEntityManagerFactoryBean : Initialized JPA EntityManagerFactory for persistence unit 'default'
2021-07-26 21:15:25.595  INFO 12048 --- [    Test worker] o.h.h.i.QueryTranslatorFactoryInitiator  : HHH000397: Using ASTQueryTranslatorFactory
2021-07-26 21:15:26.329  INFO 12048 --- [    Test worker] o.s.s.web.DefaultSecurityFilterChain     : Creating filter chain: any request, [org.springframework.security.web.context.request.async.WebAsyncManagerIntegrationFilter@481520aa, org.springframework.security.web.context.SecurityContextPersistenceFilter@423af9f1, org.springframework.security.web.header.HeaderWriterFilter@4fe21249, org.springframework.security.web.authentication.logout.LogoutFilter@28f97c1a, org.springframework.security.oauth2.client.web.OAuth2AuthorizationRequestRedirectFilter@4ece27d1, org.springframework.security.oauth2.client.web.OAuth2LoginAuthenticationFilter@14963f12, org.springframework.security.web.authentication.ui.DefaultLoginPageGeneratingFilter@e2c4f62, org.springframework.security.web.authentication.ui.DefaultLogoutPageGeneratingFilter@4a623fdb, org.springframework.security.web.savedrequest.RequestCacheAwareFilter@641e4b56, org.springframework.security.web.servletapi.SecurityContextHolderAwareRequestFilter@6175550a, org.springframework.security.web.authentication.AnonymousAuthenticationFilter@78e9fbe8, org.springframework.security.web.session.SessionManagementFilter@56f50cdd, org.springframework.security.web.access.ExceptionTranslationFilter@68efdf57, org.springframework.security.web.access.intercept.FilterSecurityInterceptor@5f37b82c]
2021-07-26 21:15:27.364  INFO 12048 --- [    Test worker] o.s.s.concurrent.ThreadPoolTaskExecutor  : Initializing ExecutorService 'applicationTaskExecutor'
2021-07-26 21:15:27.464  WARN 12048 --- [    Test worker] aWebConfiguration$JpaWebMvcConfiguration : spring.jpa.open-in-view is enabled by default. Therefore, database queries may be performed during view rendering. Explicitly configure spring.jpa.open-in-view to disable this warning
2021-07-26 21:15:27.563  INFO 12048 --- [    Test worker] o.s.b.a.w.s.WelcomePageHandlerMapping    : Adding welcome page template: index
2021-07-26 21:15:28.471  INFO 12048 --- [    Test worker] s.a.ScheduledAnnotationBeanPostProcessor : No TaskScheduler/ScheduledExecutorService bean found for scheduled processing
2021-07-26 21:15:28.489  INFO 12048 --- [    Test worker] c.h.s.w.d.posts.PostsRepositoryTest      : Started PostsRepositoryTest in 9.405 seconds (JVM running for 10.597)
Hibernate: insert into posts (created_date, modified_date, author, content, title) values (?, ?, ?, ?, ?)
Hibernate: select posts0_.id as id1_0_, posts0_.created_date as created_2_0_, posts0_.modified_date as modified3_0_, posts0_.author as author4_0_, posts0_.content as content5_0_, posts0_.title as title6_0_ from posts posts0_
Hibernate: select posts0_.id as id1_0_, posts0_.created_date as created_2_0_, posts0_.modified_date as modified3_0_, posts0_.author as author4_0_, posts0_.content as content5_0_, posts0_.title as title6_0_ from posts posts0_
Hibernate: delete from posts where id=?
Hibernate: insert into posts (created_date, modified_date, author, content, title) values (?, ?, ?, ?, ?)
Hibernate: select posts0_.id as id1_0_, posts0_.created_date as created_2_0_, posts0_.modified_date as modified3_0_, posts0_.author as author4_0_, posts0_.content as content5_0_, posts0_.title as title6_0_ from posts posts0_
 >>> createDate=2021-07-26T21:15:28.986636, modifiedDate=2021-07-26T21:15:28.986636
Hibernate: select posts0_.id as id1_0_, posts0_.created_date as created_2_0_, posts0_.modified_date as modified3_0_, posts0_.author as author4_0_, posts0_.content as content5_0_, posts0_.title as title6_0_ from posts posts0_
Hibernate: delete from posts where id=?
]]></system-out>
  <system-err><![CDATA[]]></system-err>
</testsuite>
