<?xml version="1.0" encoding="UTF-8"?>
<testsuite name="com.heon9u.springboot.web.PostsApiControllerTest" tests="2" skipped="0" failures="0" errors="0" timestamp="2021-07-14T05:58:46" hostname="DESKTOP-E26FVHU" time="0.078">
  <properties/>
  <testcase name="Posts_등록된다" classname="com.heon9u.springboot.web.PostsApiControllerTest" time="0.055"/>
  <testcase name="Posts_수정된다" classname="com.heon9u.springboot.web.PostsApiControllerTest" time="0.023"/>
  <system-out><![CDATA[2021-07-14 14:58:46.337  INFO 27468 --- [    Test worker] .b.t.c.SpringBootTestContextBootstrapper : Neither @ContextConfiguration nor @ContextHierarchy found for test class [com.heon9u.springboot.web.PostsApiControllerTest], using SpringBootContextLoader
2021-07-14 14:58:46.338  INFO 27468 --- [    Test worker] o.s.t.c.support.AbstractContextLoader    : Could not detect default resource locations for test class [com.heon9u.springboot.web.PostsApiControllerTest]: no resource found for suffixes {-context.xml, Context.groovy}.
2021-07-14 14:58:46.338  INFO 27468 --- [    Test worker] t.c.s.AnnotationConfigContextLoaderUtils : Could not detect default configuration classes for test class [com.heon9u.springboot.web.PostsApiControllerTest]: PostsApiControllerTest does not declare any static, non-private, non-final, nested classes annotated with @Configuration.
2021-07-14 14:58:46.339  INFO 27468 --- [    Test worker] .b.t.c.SpringBootTestContextBootstrapper : Found @SpringBootConfiguration com.heon9u.springboot.Application for test class com.heon9u.springboot.web.PostsApiControllerTest
2021-07-14 14:58:46.340  INFO 27468 --- [    Test worker] .b.t.c.SpringBootTestContextBootstrapper : Loaded default TestExecutionListener class names from location [META-INF/spring.factories]: [org.springframework.security.test.context.support.WithSecurityContextTestExecutionListener, org.springframework.security.test.context.support.ReactorContextTestExecutionListener, org.springframework.boot.test.autoconfigure.restdocs.RestDocsTestExecutionListener, org.springframework.boot.test.autoconfigure.web.client.MockRestServiceServerResetTestExecutionListener, org.springframework.boot.test.autoconfigure.web.servlet.MockMvcPrintOnlyOnFailureTestExecutionListener, org.springframework.boot.test.autoconfigure.web.servlet.WebDriverTestExecutionListener, org.springframework.boot.test.mock.mockito.MockitoTestExecutionListener, org.springframework.boot.test.mock.mockito.ResetMocksTestExecutionListener, org.springframework.test.context.web.ServletTestExecutionListener, org.springframework.test.context.support.DirtiesContextBeforeModesTestExecutionListener, org.springframework.test.context.support.DependencyInjectionTestExecutionListener, org.springframework.test.context.support.DirtiesContextTestExecutionListener, org.springframework.test.context.transaction.TransactionalTestExecutionListener, org.springframework.test.context.jdbc.SqlScriptsTestExecutionListener]
2021-07-14 14:58:46.341  INFO 27468 --- [    Test worker] .b.t.c.SpringBootTestContextBootstrapper : Using TestExecutionListeners: [org.springframework.test.context.web.ServletTestExecutionListener@77506c93, org.springframework.test.context.support.DirtiesContextBeforeModesTestExecutionListener@c787262, org.springframework.boot.test.mock.mockito.MockitoTestExecutionListener@6c351c8f, org.springframework.boot.test.autoconfigure.SpringBootDependencyInjectionTestExecutionListener@2b3e9aa3, org.springframework.test.context.support.DirtiesContextTestExecutionListener@5f7e4fa3, org.springframework.test.context.transaction.TransactionalTestExecutionListener@10dadd4c, org.springframework.test.context.jdbc.SqlScriptsTestExecutionListener@544f7abc, org.springframework.security.test.context.support.WithSecurityContextTestExecutionListener@bfb0914, org.springframework.security.test.context.support.ReactorContextTestExecutionListener@26d54c9f, org.springframework.boot.test.autoconfigure.restdocs.RestDocsTestExecutionListener@60a3d5b4, org.springframework.boot.test.autoconfigure.web.client.MockRestServiceServerResetTestExecutionListener@4f96c986, org.springframework.boot.test.autoconfigure.web.servlet.MockMvcPrintOnlyOnFailureTestExecutionListener@1c76dac9, org.springframework.boot.test.autoconfigure.web.servlet.WebDriverTestExecutionListener@10cbdc6c, org.springframework.boot.test.mock.mockito.ResetMocksTestExecutionListener@6e3ba5b4]
2021-07-14 14:58:46.347  INFO 27468 --- [    Test worker] o.a.c.c.C.[Tomcat].[localhost].[/]       : Initializing Spring TestDispatcherServlet ''
2021-07-14 14:58:46.347  INFO 27468 --- [    Test worker] o.s.t.web.servlet.TestDispatcherServlet  : Initializing Servlet ''
2021-07-14 14:58:46.350  INFO 27468 --- [    Test worker] o.s.t.web.servlet.TestDispatcherServlet  : Completed initialization in 3 ms
Hibernate: insert into posts (created_date, modified_date, author, content, title) values (?, ?, ?, ?, ?)
Hibernate: select posts0_.id as id1_0_, posts0_.created_date as created_2_0_, posts0_.modified_date as modified3_0_, posts0_.author as author4_0_, posts0_.content as content5_0_, posts0_.title as title6_0_ from posts posts0_
Hibernate: select posts0_.id as id1_0_, posts0_.created_date as created_2_0_, posts0_.modified_date as modified3_0_, posts0_.author as author4_0_, posts0_.content as content5_0_, posts0_.title as title6_0_ from posts posts0_
Hibernate: delete from posts where id=?
2021-07-14 14:58:46.401  INFO 27468 --- [    Test worker] o.a.c.c.C.[Tomcat].[localhost].[/]       : Initializing Spring TestDispatcherServlet ''
2021-07-14 14:58:46.401  INFO 27468 --- [    Test worker] o.s.t.web.servlet.TestDispatcherServlet  : Initializing Servlet ''
2021-07-14 14:58:46.403  INFO 27468 --- [    Test worker] o.s.t.web.servlet.TestDispatcherServlet  : Completed initialization in 2 ms
Hibernate: insert into posts (created_date, modified_date, author, content, title) values (?, ?, ?, ?, ?)
Hibernate: select posts0_.id as id1_0_0_, posts0_.created_date as created_2_0_0_, posts0_.modified_date as modified3_0_0_, posts0_.author as author4_0_0_, posts0_.content as content5_0_0_, posts0_.title as title6_0_0_ from posts posts0_ where posts0_.id=?
Hibernate: update posts set created_date=?, modified_date=?, author=?, content=?, title=? where id=?
Hibernate: select posts0_.id as id1_0_, posts0_.created_date as created_2_0_, posts0_.modified_date as modified3_0_, posts0_.author as author4_0_, posts0_.content as content5_0_, posts0_.title as title6_0_ from posts posts0_
Hibernate: select posts0_.id as id1_0_, posts0_.created_date as created_2_0_, posts0_.modified_date as modified3_0_, posts0_.author as author4_0_, posts0_.content as content5_0_, posts0_.title as title6_0_ from posts posts0_
Hibernate: delete from posts where id=?
]]></system-out>
  <system-err><![CDATA[]]></system-err>
</testsuite>
