<?xml version="1.0" encoding="UTF-8"?>
<testsuite name="com.heon9u.springboot.web.ProfileControllerUnitTest" tests="1" skipped="0" failures="0" errors="0" timestamp="2021-07-25T07:36:46" hostname="DESKTOP-E26FVHU" time="0.15">
  <properties/>
  <testcase name="active_profile이_없으면_default가_조회된다" classname="com.heon9u.springboot.web.ProfileControllerUnitTest" time="0.15"/>
  <system-out><![CDATA[]]></system-out>
  <system-err><![CDATA[]]></system-err>
</testsuite>
