<?xml version="1.0" encoding="UTF-8"?>
<testsuite name="com.heon9u.springboot.web.HelloControllerTest" tests="2" skipped="0" failures="0" errors="0" timestamp="2021-07-26T12:15:30" hostname="DESKTOP-E26FVHU" time="0.239">
  <properties/>
  <testcase name="hello가_리턴된다" classname="com.heon9u.springboot.web.HelloControllerTest" time="0.108"/>
  <testcase name="helloDto가_리턴된다" classname="com.heon9u.springboot.web.HelloControllerTest" time="0.13"/>
  <system-out><![CDATA[2021-07-26 21:15:29.009  INFO 12048 --- [    Test worker] .b.t.a.w.s.WebMvcTestContextBootstrapper : Neither @ContextConfiguration nor @ContextHierarchy found for test class [com.heon9u.springboot.web.HelloControllerTest], using SpringBootContextLoader
2021-07-26 21:15:29.010  INFO 12048 --- [    Test worker] o.s.t.c.support.AbstractContextLoader    : Could not detect default resource locations for test class [com.heon9u.springboot.web.HelloControllerTest]: no resource found for suffixes {-context.xml, Context.groovy}.
2021-07-26 21:15:29.011  INFO 12048 --- [    Test worker] t.c.s.AnnotationConfigContextLoaderUtils : Could not detect default configuration classes for test class [com.heon9u.springboot.web.HelloControllerTest]: HelloControllerTest does not declare any static, non-private, non-final, nested classes annotated with @Configuration.
2021-07-26 21:15:29.038  INFO 12048 --- [    Test worker] .b.t.c.SpringBootTestContextBootstrapper : Found @SpringBootConfiguration com.heon9u.springboot.Application for test class com.heon9u.springboot.web.HelloControllerTest
2021-07-26 21:15:29.039  INFO 12048 --- [    Test worker] .b.t.a.w.s.WebMvcTestContextBootstrapper : Loaded default TestExecutionListener class names from location [META-INF/spring.factories]: [org.springframework.security.test.context.support.WithSecurityContextTestExecutionListener, org.springframework.security.test.context.support.ReactorContextTestExecutionListener, org.springframework.boot.test.autoconfigure.restdocs.RestDocsTestExecutionListener, org.springframework.boot.test.autoconfigure.web.client.MockRestServiceServerResetTestExecutionListener, org.springframework.boot.test.autoconfigure.web.servlet.MockMvcPrintOnlyOnFailureTestExecutionListener, org.springframework.boot.test.autoconfigure.web.servlet.WebDriverTestExecutionListener, org.springframework.boot.test.mock.mockito.MockitoTestExecutionListener, org.springframework.boot.test.mock.mockito.ResetMocksTestExecutionListener, org.springframework.test.context.web.ServletTestExecutionListener, org.springframework.test.context.support.DirtiesContextBeforeModesTestExecutionListener, org.springframework.test.context.support.DependencyInjectionTestExecutionListener, org.springframework.test.context.support.DirtiesContextTestExecutionListener, org.springframework.test.context.transaction.TransactionalTestExecutionListener, org.springframework.test.context.jdbc.SqlScriptsTestExecutionListener]
2021-07-26 21:15:29.040  INFO 12048 --- [    Test worker] .b.t.a.w.s.WebMvcTestContextBootstrapper : Using TestExecutionListeners: [org.springframework.test.context.web.ServletTestExecutionListener@37e92c6d, org.springframework.test.context.support.DirtiesContextBeforeModesTestExecutionListener@35c34b46, org.springframework.boot.test.mock.mockito.MockitoTestExecutionListener@b0f194a, org.springframework.boot.test.autoconfigure.SpringBootDependencyInjectionTestExecutionListener@32d8145e, org.springframework.test.context.support.DirtiesContextTestExecutionListener@4c2cdc2c, org.springframework.test.context.transaction.TransactionalTestExecutionListener@631a3794, org.springframework.test.context.jdbc.SqlScriptsTestExecutionListener@10aca7f4, org.springframework.security.test.context.support.WithSecurityContextTestExecutionListener@62242b5b, org.springframework.security.test.context.support.ReactorContextTestExecutionListener@48c3568f, org.springframework.boot.test.autoconfigure.restdocs.RestDocsTestExecutionListener@7a576e94, org.springframework.boot.test.autoconfigure.web.client.MockRestServiceServerResetTestExecutionListener@f31f52d, org.springframework.boot.test.autoconfigure.web.servlet.MockMvcPrintOnlyOnFailureTestExecutionListener@4c0c6963, org.springframework.boot.test.autoconfigure.web.servlet.WebDriverTestExecutionListener@1e292943, org.springframework.boot.test.mock.mockito.ResetMocksTestExecutionListener@5fcbd7dc]

  .   ____          _            __ _ _
 /\\ / ___'_ __ _ _(_)_ __  __ _ \ \ \ \
( ( )\___ | '_ | '_| | '_ \/ _` | \ \ \ \
 \\/  ___)| |_)| | | | | || (_| |  ) ) ) )
  '  |____| .__|_| |_|_| |_\__, | / / / /
 =========|_|==============|___/=/_/_/_/
 :: Spring Boot ::        (v2.1.7.RELEASE)

2021-07-26 21:15:29.094  INFO 12048 --- [    Test worker] c.h.springboot.web.HelloControllerTest   : Starting HelloControllerTest on DESKTOP-E26FVHU with PID 12048 (started by 82103 in C:\Users\82103\Desktop\IntelliJ_Project)
2021-07-26 21:15:29.095  INFO 12048 --- [    Test worker] c.h.springboot.web.HelloControllerTest   : No active profile set, falling back to default profiles: default
2021-07-26 21:15:29.883  INFO 12048 --- [    Test worker] o.s.s.concurrent.ThreadPoolTaskExecutor  : Initializing ExecutorService 'applicationTaskExecutor'
2021-07-26 21:15:29.945  INFO 12048 --- [    Test worker] o.s.b.a.w.s.WelcomePageHandlerMapping    : Adding welcome page template: index
2021-07-26 21:15:30.298  INFO 12048 --- [    Test worker] .s.s.UserDetailsServiceAutoConfiguration : 

Using generated security password: b3cd2932-4551-45e7-8006-c0f073ffb2dc

2021-07-26 21:15:30.510  INFO 12048 --- [    Test worker] o.s.s.web.DefaultSecurityFilterChain     : Creating filter chain: any request, [org.springframework.security.web.context.request.async.WebAsyncManagerIntegrationFilter@66e2c279, org.springframework.security.web.context.SecurityContextPersistenceFilter@77f9a363, org.springframework.security.web.header.HeaderWriterFilter@6d88569f, org.springframework.security.web.csrf.CsrfFilter@4c062274, org.springframework.security.web.authentication.logout.LogoutFilter@4657a3ff, org.springframework.security.web.authentication.UsernamePasswordAuthenticationFilter@11ef0dae, org.springframework.security.web.authentication.ui.DefaultLoginPageGeneratingFilter@4979e918, org.springframework.security.web.authentication.ui.DefaultLogoutPageGeneratingFilter@36b61a8e, org.springframework.security.web.authentication.www.BasicAuthenticationFilter@3d07d4a2, org.springframework.security.web.savedrequest.RequestCacheAwareFilter@707a741f, org.springframework.security.web.servletapi.SecurityContextHolderAwareRequestFilter@5fe9e821, org.springframework.security.web.authentication.AnonymousAuthenticationFilter@35177a3e, org.springframework.security.web.session.SessionManagementFilter@10e0dcd8, org.springframework.security.web.access.ExceptionTranslationFilter@72eebd4e, org.springframework.security.web.access.intercept.FilterSecurityInterceptor@11883448]
2021-07-26 21:15:30.580  INFO 12048 --- [    Test worker] o.s.b.t.m.w.SpringBootMockServletContext : Initializing Spring TestDispatcherServlet ''
2021-07-26 21:15:30.580  INFO 12048 --- [    Test worker] o.s.t.web.servlet.TestDispatcherServlet  : Initializing Servlet ''
2021-07-26 21:15:30.606  INFO 12048 --- [    Test worker] o.s.t.web.servlet.TestDispatcherServlet  : Completed initialization in 26 ms
2021-07-26 21:15:30.662  INFO 12048 --- [    Test worker] c.h.springboot.web.HelloControllerTest   : Started HelloControllerTest in 1.618 seconds (JVM running for 12.771)
]]></system-out>
  <system-err><![CDATA[]]></system-err>
</testsuite>
