<?xml version="1.0" encoding="UTF-8"?>
<testsuite name="com.heon9u.springboot.web.IndexControllerTest" tests="1" skipped="0" failures="0" errors="0" timestamp="2021-07-14T05:58:46" hostname="DESKTOP-E26FVHU" time="0.163">
  <properties/>
  <testcase name="메인페이지_로딩" classname="com.heon9u.springboot.web.IndexControllerTest" time="0.163"/>
  <system-out><![CDATA[2021-07-14 14:58:43.989  INFO 27468 --- [    Test worker] .b.t.c.SpringBootTestContextBootstrapper : Neither @ContextConfiguration nor @ContextHierarchy found for test class [com.heon9u.springboot.web.IndexControllerTest], using SpringBootContextLoader
2021-07-14 14:58:43.990  INFO 27468 --- [    Test worker] o.s.t.c.support.AbstractContextLoader    : Could not detect default resource locations for test class [com.heon9u.springboot.web.IndexControllerTest]: no resource found for suffixes {-context.xml, Context.groovy}.
2021-07-14 14:58:43.990  INFO 27468 --- [    Test worker] t.c.s.AnnotationConfigContextLoaderUtils : Could not detect default configuration classes for test class [com.heon9u.springboot.web.IndexControllerTest]: IndexControllerTest does not declare any static, non-private, non-final, nested classes annotated with @Configuration.
2021-07-14 14:58:43.991  INFO 27468 --- [    Test worker] .b.t.c.SpringBootTestContextBootstrapper : Found @SpringBootConfiguration com.heon9u.springboot.Application for test class com.heon9u.springboot.web.IndexControllerTest
2021-07-14 14:58:43.992  INFO 27468 --- [    Test worker] .b.t.c.SpringBootTestContextBootstrapper : Loaded default TestExecutionListener class names from location [META-INF/spring.factories]: [org.springframework.security.test.context.support.WithSecurityContextTestExecutionListener, org.springframework.security.test.context.support.ReactorContextTestExecutionListener, org.springframework.boot.test.autoconfigure.restdocs.RestDocsTestExecutionListener, org.springframework.boot.test.autoconfigure.web.client.MockRestServiceServerResetTestExecutionListener, org.springframework.boot.test.autoconfigure.web.servlet.MockMvcPrintOnlyOnFailureTestExecutionListener, org.springframework.boot.test.autoconfigure.web.servlet.WebDriverTestExecutionListener, org.springframework.boot.test.mock.mockito.MockitoTestExecutionListener, org.springframework.boot.test.mock.mockito.ResetMocksTestExecutionListener, org.springframework.test.context.web.ServletTestExecutionListener, org.springframework.test.context.support.DirtiesContextBeforeModesTestExecutionListener, org.springframework.test.context.support.DependencyInjectionTestExecutionListener, org.springframework.test.context.support.DirtiesContextTestExecutionListener, org.springframework.test.context.transaction.TransactionalTestExecutionListener, org.springframework.test.context.jdbc.SqlScriptsTestExecutionListener]
2021-07-14 14:58:43.993  INFO 27468 --- [    Test worker] .b.t.c.SpringBootTestContextBootstrapper : Using TestExecutionListeners: [org.springframework.test.context.web.ServletTestExecutionListener@37a6f06, org.springframework.test.context.support.DirtiesContextBeforeModesTestExecutionListener@42d7302a, org.springframework.boot.test.mock.mockito.MockitoTestExecutionListener@49e2f7f8, org.springframework.boot.test.autoconfigure.SpringBootDependencyInjectionTestExecutionListener@7a846122, org.springframework.test.context.support.DirtiesContextTestExecutionListener@2ad6332b, org.springframework.test.context.transaction.TransactionalTestExecutionListener@51fb003b, org.springframework.test.context.jdbc.SqlScriptsTestExecutionListener@ff860cb, org.springframework.security.test.context.support.WithSecurityContextTestExecutionListener@562c9d67, org.springframework.security.test.context.support.ReactorContextTestExecutionListener@4df8b3e2, org.springframework.boot.test.autoconfigure.restdocs.RestDocsTestExecutionListener@448b88be, org.springframework.boot.test.autoconfigure.web.client.MockRestServiceServerResetTestExecutionListener@8b946dc, org.springframework.boot.test.autoconfigure.web.servlet.MockMvcPrintOnlyOnFailureTestExecutionListener@3a4c3509, org.springframework.boot.test.autoconfigure.web.servlet.WebDriverTestExecutionListener@3223e601, org.springframework.boot.test.mock.mockito.ResetMocksTestExecutionListener@2af54683]

  .   ____          _            __ _ _
 /\\ / ___'_ __ _ _(_)_ __  __ _ \ \ \ \
( ( )\___ | '_ | '_| | '_ \/ _` | \ \ \ \
 \\/  ___)| |_)| | | | | || (_| |  ) ) ) )
  '  |____| .__|_| |_|_| |_\__, | / / / /
 =========|_|==============|___/=/_/_/_/
 :: Spring Boot ::        (v2.1.7.RELEASE)

2021-07-14 14:58:44.033  INFO 27468 --- [    Test worker] c.h.springboot.web.IndexControllerTest   : Starting IndexControllerTest on DESKTOP-E26FVHU with PID 27468 (started by 82103 in C:\Users\82103\Desktop\IntelliJ_Project)
2021-07-14 14:58:44.034  INFO 27468 --- [    Test worker] c.h.springboot.web.IndexControllerTest   : No active profile set, falling back to default profiles: default
2021-07-14 14:58:44.328  INFO 27468 --- [    Test worker] .s.d.r.c.RepositoryConfigurationDelegate : Bootstrapping Spring Data repositories in DEFAULT mode.
2021-07-14 14:58:44.365  INFO 27468 --- [    Test worker] .s.d.r.c.RepositoryConfigurationDelegate : Finished Spring Data repository scanning in 37ms. Found 2 repository interfaces.
2021-07-14 14:58:44.501  INFO 27468 --- [    Test worker] trationDelegate$BeanPostProcessorChecker : Bean 'org.springframework.transaction.annotation.ProxyTransactionManagementConfiguration' of type [org.springframework.transaction.annotation.ProxyTransactionManagementConfiguration$$EnhancerBySpringCGLIB$$762bf2f6] is not eligible for getting processed by all BeanPostProcessors (for example: not eligible for auto-proxying)
2021-07-14 14:58:44.796  INFO 27468 --- [    Test worker] o.s.b.w.embedded.tomcat.TomcatWebServer  : Tomcat initialized with port(s): 0 (http)
2021-07-14 14:58:44.834  INFO 27468 --- [    Test worker] o.apache.catalina.core.StandardService   : Starting service [Tomcat]
2021-07-14 14:58:44.835  INFO 27468 --- [    Test worker] org.apache.catalina.core.StandardEngine  : Starting Servlet engine: [Apache Tomcat/9.0.22]
2021-07-14 14:58:45.031  INFO 27468 --- [    Test worker] o.a.c.c.C.[Tomcat].[localhost].[/]       : Initializing Spring embedded WebApplicationContext
2021-07-14 14:58:45.031  INFO 27468 --- [    Test worker] o.s.web.context.ContextLoader            : Root WebApplicationContext: initialization completed in 995 ms
2021-07-14 14:58:45.209  INFO 27468 --- [    Test worker] com.zaxxer.hikari.HikariDataSource       : HikariPool-2 - Starting...
2021-07-14 14:58:45.210  INFO 27468 --- [    Test worker] com.zaxxer.hikari.HikariDataSource       : HikariPool-2 - Start completed.
2021-07-14 14:58:45.252  INFO 27468 --- [    Test worker] o.hibernate.jpa.internal.util.LogHelper  : HHH000204: Processing PersistenceUnitInfo [
	name: default
	...]
2021-07-14 14:58:45.264  INFO 27468 --- [    Test worker] org.hibernate.dialect.Dialect            : HHH000400: Using dialect: org.hibernate.dialect.MySQL5InnoDBDialect
Hibernate: drop table if exists posts
Hibernate: drop table if exists user
Hibernate: create table posts (id bigint not null auto_increment, created_date datetime, modified_date datetime, author varchar(255), content TEXT not null, title varchar(500) not null, primary key (id)) engine=InnoDB
Hibernate: create table user (id bigint not null auto_increment, created_date datetime, modified_date datetime, email varchar(255) not null, name varchar(255) not null, picture varchar(255), role varchar(255), primary key (id)) engine=InnoDB
2021-07-14 14:58:45.323  INFO 27468 --- [    Test worker] o.h.t.schema.internal.SchemaCreatorImpl  : HHH000476: Executing import script 'org.hibernate.tool.schema.internal.exec.ScriptSourceInputNonExistentImpl@104a29f4'
2021-07-14 14:58:45.324  INFO 27468 --- [    Test worker] j.LocalContainerEntityManagerFactoryBean : Initialized JPA EntityManagerFactory for persistence unit 'default'
2021-07-14 14:58:45.642  INFO 27468 --- [    Test worker] o.h.h.i.QueryTranslatorFactoryInitiator  : HHH000397: Using ASTQueryTranslatorFactory
2021-07-14 14:58:45.774  INFO 27468 --- [    Test worker] o.s.s.web.DefaultSecurityFilterChain     : Creating filter chain: any request, [org.springframework.security.web.context.request.async.WebAsyncManagerIntegrationFilter@4709fd2d, org.springframework.security.web.context.SecurityContextPersistenceFilter@60d80f85, org.springframework.security.web.header.HeaderWriterFilter@117374af, org.springframework.security.web.authentication.logout.LogoutFilter@2298d0fe, org.springframework.security.oauth2.client.web.OAuth2AuthorizationRequestRedirectFilter@15b4d23f, org.springframework.security.oauth2.client.web.OAuth2LoginAuthenticationFilter@3c408198, org.springframework.security.web.authentication.ui.DefaultLoginPageGeneratingFilter@29c530f, org.springframework.security.web.authentication.ui.DefaultLogoutPageGeneratingFilter@1bfc26ab, org.springframework.security.web.savedrequest.RequestCacheAwareFilter@785fcf6e, org.springframework.security.web.servletapi.SecurityContextHolderAwareRequestFilter@72831ac6, org.springframework.security.web.authentication.AnonymousAuthenticationFilter@28ea3ac1, org.springframework.security.web.session.SessionManagementFilter@256aa0b1, org.springframework.security.web.access.ExceptionTranslationFilter@ac24ba3, org.springframework.security.web.access.intercept.FilterSecurityInterceptor@14b9020d]
2021-07-14 14:58:45.910  INFO 27468 --- [    Test worker] o.s.s.concurrent.ThreadPoolTaskExecutor  : Initializing ExecutorService 'applicationTaskExecutor'
2021-07-14 14:58:45.920  WARN 27468 --- [    Test worker] aWebConfiguration$JpaWebMvcConfiguration : spring.jpa.open-in-view is enabled by default. Therefore, database queries may be performed during view rendering. Explicitly configure spring.jpa.open-in-view to disable this warning
2021-07-14 14:58:45.938  INFO 27468 --- [    Test worker] o.s.b.a.w.s.WelcomePageHandlerMapping    : Adding welcome page template: index
2021-07-14 14:58:46.145  INFO 27468 --- [    Test worker] s.a.ScheduledAnnotationBeanPostProcessor : No TaskScheduler/ScheduledExecutorService bean found for scheduled processing
2021-07-14 14:58:46.165  INFO 27468 --- [    Test worker] o.s.b.w.embedded.tomcat.TomcatWebServer  : Tomcat started on port(s): 57412 (http) with context path ''
2021-07-14 14:58:46.166  INFO 27468 --- [    Test worker] c.h.springboot.web.IndexControllerTest   : Started IndexControllerTest in 2.171 seconds (JVM running for 11.405)
2021-07-14 14:58:46.257  INFO 27468 --- [o-auto-1-exec-1] o.a.c.c.C.[Tomcat].[localhost].[/]       : Initializing Spring DispatcherServlet 'dispatcherServlet'
2021-07-14 14:58:46.257  INFO 27468 --- [o-auto-1-exec-1] o.s.web.servlet.DispatcherServlet        : Initializing Servlet 'dispatcherServlet'
2021-07-14 14:58:46.272  INFO 27468 --- [o-auto-1-exec-1] o.s.web.servlet.DispatcherServlet        : Completed initialization in 15 ms
Hibernate: select posts0_.id as id1_0_, posts0_.created_date as created_2_0_, posts0_.modified_date as modified3_0_, posts0_.author as author4_0_, posts0_.content as content5_0_, posts0_.title as title6_0_ from posts posts0_ order by posts0_.id DESC
]]></system-out>
  <system-err><![CDATA[]]></system-err>
</testsuite>
