<?xml version="1.0" encoding="UTF-8"?>
<testsuite name="com.heon9u.springboot.web.domain.posts.PostsRepositoryTest" tests="2" skipped="0" failures="0" errors="0" timestamp="2021-07-14T05:58:43" hostname="DESKTOP-E26FVHU" time="0.185">
  <properties/>
  <testcase name="게시글저장_불러오기" classname="com.heon9u.springboot.web.domain.posts.PostsRepositoryTest" time="0.175"/>
  <testcase name="BaseTimeEntity_등록" classname="com.heon9u.springboot.web.domain.posts.PostsRepositoryTest" time="0.009"/>
  <system-out><![CDATA[2021-07-14 14:58:38.930  INFO 27468 --- [    Test worker] .b.t.c.SpringBootTestContextBootstrapper : Neither @ContextConfiguration nor @ContextHierarchy found for test class [com.heon9u.springboot.web.domain.posts.PostsRepositoryTest], using SpringBootContextLoader
2021-07-14 14:58:38.931  INFO 27468 --- [    Test worker] o.s.t.c.support.AbstractContextLoader    : Could not detect default resource locations for test class [com.heon9u.springboot.web.domain.posts.PostsRepositoryTest]: no resource found for suffixes {-context.xml, Context.groovy}.
2021-07-14 14:58:38.931  INFO 27468 --- [    Test worker] t.c.s.AnnotationConfigContextLoaderUtils : Could not detect default configuration classes for test class [com.heon9u.springboot.web.domain.posts.PostsRepositoryTest]: PostsRepositoryTest does not declare any static, non-private, non-final, nested classes annotated with @Configuration.
2021-07-14 14:58:38.949  INFO 27468 --- [    Test worker] .b.t.c.SpringBootTestContextBootstrapper : Found @SpringBootConfiguration com.heon9u.springboot.Application for test class com.heon9u.springboot.web.domain.posts.PostsRepositoryTest
2021-07-14 14:58:38.951  INFO 27468 --- [    Test worker] .b.t.c.SpringBootTestContextBootstrapper : Loaded default TestExecutionListener class names from location [META-INF/spring.factories]: [org.springframework.security.test.context.support.WithSecurityContextTestExecutionListener, org.springframework.security.test.context.support.ReactorContextTestExecutionListener, org.springframework.boot.test.autoconfigure.restdocs.RestDocsTestExecutionListener, org.springframework.boot.test.autoconfigure.web.client.MockRestServiceServerResetTestExecutionListener, org.springframework.boot.test.autoconfigure.web.servlet.MockMvcPrintOnlyOnFailureTestExecutionListener, org.springframework.boot.test.autoconfigure.web.servlet.WebDriverTestExecutionListener, org.springframework.boot.test.mock.mockito.MockitoTestExecutionListener, org.springframework.boot.test.mock.mockito.ResetMocksTestExecutionListener, org.springframework.test.context.web.ServletTestExecutionListener, org.springframework.test.context.support.DirtiesContextBeforeModesTestExecutionListener, org.springframework.test.context.support.DependencyInjectionTestExecutionListener, org.springframework.test.context.support.DirtiesContextTestExecutionListener, org.springframework.test.context.transaction.TransactionalTestExecutionListener, org.springframework.test.context.jdbc.SqlScriptsTestExecutionListener]
2021-07-14 14:58:38.952  INFO 27468 --- [    Test worker] .b.t.c.SpringBootTestContextBootstrapper : Using TestExecutionListeners: [org.springframework.test.context.web.ServletTestExecutionListener@6abe955d, org.springframework.test.context.support.DirtiesContextBeforeModesTestExecutionListener@370edab6, org.springframework.boot.test.mock.mockito.MockitoTestExecutionListener@47858f90, org.springframework.boot.test.autoconfigure.SpringBootDependencyInjectionTestExecutionListener@6b29f84a, org.springframework.test.context.support.DirtiesContextTestExecutionListener@75a39c0f, org.springframework.test.context.transaction.TransactionalTestExecutionListener@34393367, org.springframework.test.context.jdbc.SqlScriptsTestExecutionListener@5fabd37f, org.springframework.security.test.context.support.WithSecurityContextTestExecutionListener@7b648b68, org.springframework.security.test.context.support.ReactorContextTestExecutionListener@12ce33ef, org.springframework.boot.test.autoconfigure.restdocs.RestDocsTestExecutionListener@6f1198da, org.springframework.boot.test.autoconfigure.web.client.MockRestServiceServerResetTestExecutionListener@6ea08e6c, org.springframework.boot.test.autoconfigure.web.servlet.MockMvcPrintOnlyOnFailureTestExecutionListener@3140671b, org.springframework.boot.test.autoconfigure.web.servlet.WebDriverTestExecutionListener@52727b97, org.springframework.boot.test.mock.mockito.ResetMocksTestExecutionListener@3146ee4b]

  .   ____          _            __ _ _
 /\\ / ___'_ __ _ _(_)_ __  __ _ \ \ \ \
( ( )\___ | '_ | '_| | '_ \/ _` | \ \ \ \
 \\/  ___)| |_)| | | | | || (_| |  ) ) ) )
  '  |____| .__|_| |_|_| |_\__, | / / / /
 =========|_|==============|___/=/_/_/_/
 :: Spring Boot ::        (v2.1.7.RELEASE)

2021-07-14 14:58:38.979  INFO 27468 --- [    Test worker] c.h.s.w.d.posts.PostsRepositoryTest      : Starting PostsRepositoryTest on DESKTOP-E26FVHU with PID 27468 (started by 82103 in C:\Users\82103\Desktop\IntelliJ_Project)
2021-07-14 14:58:38.980  INFO 27468 --- [    Test worker] c.h.s.w.d.posts.PostsRepositoryTest      : No active profile set, falling back to default profiles: default
2021-07-14 14:58:39.490  INFO 27468 --- [    Test worker] .s.d.r.c.RepositoryConfigurationDelegate : Bootstrapping Spring Data repositories in DEFAULT mode.
2021-07-14 14:58:39.595  INFO 27468 --- [    Test worker] .s.d.r.c.RepositoryConfigurationDelegate : Finished Spring Data repository scanning in 96ms. Found 2 repository interfaces.
2021-07-14 14:58:40.177  INFO 27468 --- [    Test worker] trationDelegate$BeanPostProcessorChecker : Bean 'org.springframework.transaction.annotation.ProxyTransactionManagementConfiguration' of type [org.springframework.transaction.annotation.ProxyTransactionManagementConfiguration$$EnhancerBySpringCGLIB$$762bf2f6] is not eligible for getting processed by all BeanPostProcessors (for example: not eligible for auto-proxying)
2021-07-14 14:58:40.436  INFO 27468 --- [    Test worker] com.zaxxer.hikari.HikariDataSource       : HikariPool-1 - Starting...
2021-07-14 14:58:40.657  INFO 27468 --- [    Test worker] com.zaxxer.hikari.HikariDataSource       : HikariPool-1 - Start completed.
2021-07-14 14:58:40.782  INFO 27468 --- [    Test worker] o.hibernate.jpa.internal.util.LogHelper  : HHH000204: Processing PersistenceUnitInfo [
	name: default
	...]
2021-07-14 14:58:40.895  INFO 27468 --- [    Test worker] org.hibernate.Version                    : HHH000412: Hibernate Core {5.3.10.Final}
2021-07-14 14:58:40.897  INFO 27468 --- [    Test worker] org.hibernate.cfg.Environment            : HHH000206: hibernate.properties not found
2021-07-14 14:58:40.951  INFO 27468 --- [    Test worker] o.hibernate.annotations.common.Version   : HCANN000001: Hibernate Commons Annotations {5.0.4.Final}
2021-07-14 14:58:41.104  INFO 27468 --- [    Test worker] org.hibernate.dialect.Dialect            : HHH000400: Using dialect: org.hibernate.dialect.MySQL5InnoDBDialect
Hibernate: drop table if exists posts
Hibernate: drop table if exists user
Hibernate: create table posts (id bigint not null auto_increment, created_date datetime, modified_date datetime, author varchar(255), content TEXT not null, title varchar(500) not null, primary key (id)) engine=InnoDB
Hibernate: create table user (id bigint not null auto_increment, created_date datetime, modified_date datetime, email varchar(255) not null, name varchar(255) not null, picture varchar(255), role varchar(255), primary key (id)) engine=InnoDB
2021-07-14 14:58:41.677  INFO 27468 --- [    Test worker] o.h.t.schema.internal.SchemaCreatorImpl  : HHH000476: Executing import script 'org.hibernate.tool.schema.internal.exec.ScriptSourceInputNonExistentImpl@104a29f4'
2021-07-14 14:58:41.680  INFO 27468 --- [    Test worker] j.LocalContainerEntityManagerFactoryBean : Initialized JPA EntityManagerFactory for persistence unit 'default'
2021-07-14 14:58:42.305  INFO 27468 --- [    Test worker] o.h.h.i.QueryTranslatorFactoryInitiator  : HHH000397: Using ASTQueryTranslatorFactory
2021-07-14 14:58:42.743  INFO 27468 --- [    Test worker] o.s.s.web.DefaultSecurityFilterChain     : Creating filter chain: any request, [org.springframework.security.web.context.request.async.WebAsyncManagerIntegrationFilter@377971a6, org.springframework.security.web.context.SecurityContextPersistenceFilter@3eae6dc5, org.springframework.security.web.header.HeaderWriterFilter@39c00d0, org.springframework.security.web.authentication.logout.LogoutFilter@2940990a, org.springframework.security.oauth2.client.web.OAuth2AuthorizationRequestRedirectFilter@72f3afab, org.springframework.security.oauth2.client.web.OAuth2LoginAuthenticationFilter@63325d13, org.springframework.security.web.authentication.ui.DefaultLoginPageGeneratingFilter@644d0003, org.springframework.security.web.authentication.ui.DefaultLogoutPageGeneratingFilter@78f796d, org.springframework.security.web.savedrequest.RequestCacheAwareFilter@29c1e64c, org.springframework.security.web.servletapi.SecurityContextHolderAwareRequestFilter@4ab8f924, org.springframework.security.web.authentication.AnonymousAuthenticationFilter@20b34568, org.springframework.security.web.session.SessionManagementFilter@25c1634b, org.springframework.security.web.access.ExceptionTranslationFilter@5ad9a438, org.springframework.security.web.access.intercept.FilterSecurityInterceptor@2d70ba47]
2021-07-14 14:58:43.194  INFO 27468 --- [    Test worker] o.s.s.concurrent.ThreadPoolTaskExecutor  : Initializing ExecutorService 'applicationTaskExecutor'
2021-07-14 14:58:43.213  WARN 27468 --- [    Test worker] aWebConfiguration$JpaWebMvcConfiguration : spring.jpa.open-in-view is enabled by default. Therefore, database queries may be performed during view rendering. Explicitly configure spring.jpa.open-in-view to disable this warning
2021-07-14 14:58:43.251  INFO 27468 --- [    Test worker] o.s.b.a.w.s.WelcomePageHandlerMapping    : Adding welcome page template: index
2021-07-14 14:58:43.782  INFO 27468 --- [    Test worker] s.a.ScheduledAnnotationBeanPostProcessor : No TaskScheduler/ScheduledExecutorService bean found for scheduled processing
2021-07-14 14:58:43.790  INFO 27468 --- [    Test worker] c.h.s.w.d.posts.PostsRepositoryTest      : Started PostsRepositoryTest in 4.837 seconds (JVM running for 9.029)
Hibernate: insert into posts (created_date, modified_date, author, content, title) values (?, ?, ?, ?, ?)
Hibernate: select posts0_.id as id1_0_, posts0_.created_date as created_2_0_, posts0_.modified_date as modified3_0_, posts0_.author as author4_0_, posts0_.content as content5_0_, posts0_.title as title6_0_ from posts posts0_
Hibernate: select posts0_.id as id1_0_, posts0_.created_date as created_2_0_, posts0_.modified_date as modified3_0_, posts0_.author as author4_0_, posts0_.content as content5_0_, posts0_.title as title6_0_ from posts posts0_
Hibernate: delete from posts where id=?
Hibernate: insert into posts (created_date, modified_date, author, content, title) values (?, ?, ?, ?, ?)
Hibernate: select posts0_.id as id1_0_, posts0_.created_date as created_2_0_, posts0_.modified_date as modified3_0_, posts0_.author as author4_0_, posts0_.content as content5_0_, posts0_.title as title6_0_ from posts posts0_
 >>> createDate=2021-07-14T14:58:43.972897, modifiedDate=2021-07-14T14:58:43.972897
Hibernate: select posts0_.id as id1_0_, posts0_.created_date as created_2_0_, posts0_.modified_date as modified3_0_, posts0_.author as author4_0_, posts0_.content as content5_0_, posts0_.title as title6_0_ from posts posts0_
Hibernate: delete from posts where id=?
]]></system-out>
  <system-err><![CDATA[]]></system-err>
</testsuite>
