<?xml version="1.0" encoding="UTF-8"?>
<testsuite name="com.heon9u.springboot.web.ProfileControllerTest" tests="1" skipped="0" failures="0" errors="0" timestamp="2021-07-26T12:15:34" hostname="DESKTOP-E26FVHU" time="0.019">
  <properties/>
  <testcase name="profile은_인증없이_호출된다" classname="com.heon9u.springboot.web.ProfileControllerTest" time="0.019"/>
  <system-out><![CDATA[2021-07-26 21:15:34.885  INFO 12048 --- [    Test worker] .b.t.c.SpringBootTestContextBootstrapper : Neither @ContextConfiguration nor @ContextHierarchy found for test class [com.heon9u.springboot.web.ProfileControllerTest], using SpringBootContextLoader
2021-07-26 21:15:34.887  INFO 12048 --- [    Test worker] o.s.t.c.support.AbstractContextLoader    : Could not detect default resource locations for test class [com.heon9u.springboot.web.ProfileControllerTest]: no resource found for suffixes {-context.xml, Context.groovy}.
2021-07-26 21:15:34.887  INFO 12048 --- [    Test worker] t.c.s.AnnotationConfigContextLoaderUtils : Could not detect default configuration classes for test class [com.heon9u.springboot.web.ProfileControllerTest]: ProfileControllerTest does not declare any static, non-private, non-final, nested classes annotated with @Configuration.
2021-07-26 21:15:34.890  INFO 12048 --- [    Test worker] .b.t.c.SpringBootTestContextBootstrapper : Found @SpringBootConfiguration com.heon9u.springboot.Application for test class com.heon9u.springboot.web.ProfileControllerTest
2021-07-26 21:15:34.892  INFO 12048 --- [    Test worker] .b.t.c.SpringBootTestContextBootstrapper : Loaded default TestExecutionListener class names from location [META-INF/spring.factories]: [org.springframework.security.test.context.support.WithSecurityContextTestExecutionListener, org.springframework.security.test.context.support.ReactorContextTestExecutionListener, org.springframework.boot.test.autoconfigure.restdocs.RestDocsTestExecutionListener, org.springframework.boot.test.autoconfigure.web.client.MockRestServiceServerResetTestExecutionListener, org.springframework.boot.test.autoconfigure.web.servlet.MockMvcPrintOnlyOnFailureTestExecutionListener, org.springframework.boot.test.autoconfigure.web.servlet.WebDriverTestExecutionListener, org.springframework.boot.test.mock.mockito.MockitoTestExecutionListener, org.springframework.boot.test.mock.mockito.ResetMocksTestExecutionListener, org.springframework.test.context.web.ServletTestExecutionListener, org.springframework.test.context.support.DirtiesContextBeforeModesTestExecutionListener, org.springframework.test.context.support.DependencyInjectionTestExecutionListener, org.springframework.test.context.support.DirtiesContextTestExecutionListener, org.springframework.test.context.transaction.TransactionalTestExecutionListener, org.springframework.test.context.jdbc.SqlScriptsTestExecutionListener]
2021-07-26 21:15:34.893  INFO 12048 --- [    Test worker] .b.t.c.SpringBootTestContextBootstrapper : Using TestExecutionListeners: [org.springframework.test.context.web.ServletTestExecutionListener@2f47c924, org.springframework.test.context.support.DirtiesContextBeforeModesTestExecutionListener@2ccfcd0c, org.springframework.boot.test.mock.mockito.MockitoTestExecutionListener@2167100b, org.springframework.boot.test.autoconfigure.SpringBootDependencyInjectionTestExecutionListener@49297bf4, org.springframework.test.context.support.DirtiesContextTestExecutionListener@58b6851c, org.springframework.test.context.transaction.TransactionalTestExecutionListener@a4384ab, org.springframework.test.context.jdbc.SqlScriptsTestExecutionListener@133d2aa0, org.springframework.security.test.context.support.WithSecurityContextTestExecutionListener@114915e8, org.springframework.security.test.context.support.ReactorContextTestExecutionListener@7d3becb8, org.springframework.boot.test.autoconfigure.restdocs.RestDocsTestExecutionListener@6b4b4968, org.springframework.boot.test.autoconfigure.web.client.MockRestServiceServerResetTestExecutionListener@1159168b, org.springframework.boot.test.autoconfigure.web.servlet.MockMvcPrintOnlyOnFailureTestExecutionListener@48e6b71d, org.springframework.boot.test.autoconfigure.web.servlet.WebDriverTestExecutionListener@6a9adc95, org.springframework.boot.test.mock.mockito.ResetMocksTestExecutionListener@5b2bc8a7]
]]></system-out>
  <system-err><![CDATA[]]></system-err>
</testsuite>
