<?xml version="1.0" encoding="UTF-8"?>
<testsuite name="com.heon9u.springboot.web.PostsApiControllerTest" tests="1" skipped="0" failures="0" errors="0" timestamp="2021-07-22T09:14:09" hostname="DESKTOP-E26FVHU" time="0.432">
  <properties/>
  <testcase name="Posts_등록된다" classname="com.heon9u.springboot.web.PostsApiControllerTest" time="0.432"/>
  <system-out><![CDATA[18:14:02.481 [Test worker] DEBUG org.springframework.test.context.junit4.SpringJUnit4ClassRunner - SpringJUnit4ClassRunner constructor called with [class com.heon9u.springboot.web.PostsApiControllerTest]
18:14:02.488 [Test worker] DEBUG org.springframework.test.context.BootstrapUtils - Instantiating CacheAwareContextLoaderDelegate from class [org.springframework.test.context.cache.DefaultCacheAwareContextLoaderDelegate]
18:14:02.495 [Test worker] DEBUG org.springframework.test.context.BootstrapUtils - Instantiating BootstrapContext using constructor [public org.springframework.test.context.support.DefaultBootstrapContext(java.lang.Class,org.springframework.test.context.CacheAwareContextLoaderDelegate)]
18:14:02.509 [Test worker] DEBUG org.springframework.test.context.BootstrapUtils - Instantiating TestContextBootstrapper for test class [com.heon9u.springboot.web.PostsApiControllerTest] from class [org.springframework.boot.test.context.SpringBootTestContextBootstrapper]
18:14:02.518 [Test worker] INFO org.springframework.boot.test.context.SpringBootTestContextBootstrapper - Neither @ContextConfiguration nor @ContextHierarchy found for test class [com.heon9u.springboot.web.PostsApiControllerTest], using SpringBootContextLoader
18:14:02.522 [Test worker] DEBUG org.springframework.test.context.support.AbstractContextLoader - Did not detect default resource location for test class [com.heon9u.springboot.web.PostsApiControllerTest]: class path resource [com/heon9u/springboot/web/PostsApiControllerTest-context.xml] does not exist
18:14:02.522 [Test worker] DEBUG org.springframework.test.context.support.AbstractContextLoader - Did not detect default resource location for test class [com.heon9u.springboot.web.PostsApiControllerTest]: class path resource [com/heon9u/springboot/web/PostsApiControllerTestContext.groovy] does not exist
18:14:02.523 [Test worker] INFO org.springframework.test.context.support.AbstractContextLoader - Could not detect default resource locations for test class [com.heon9u.springboot.web.PostsApiControllerTest]: no resource found for suffixes {-context.xml, Context.groovy}.
18:14:02.523 [Test worker] INFO org.springframework.test.context.support.AnnotationConfigContextLoaderUtils - Could not detect default configuration classes for test class [com.heon9u.springboot.web.PostsApiControllerTest]: PostsApiControllerTest does not declare any static, non-private, non-final, nested classes annotated with @Configuration.
18:14:02.570 [Test worker] DEBUG org.springframework.test.context.support.ActiveProfilesUtils - Could not find an 'annotation declaring class' for annotation type [org.springframework.test.context.ActiveProfiles] and class [com.heon9u.springboot.web.PostsApiControllerTest]
18:14:02.673 [Test worker] DEBUG org.springframework.context.annotation.ClassPathScanningCandidateComponentProvider - Identified candidate component class: file [C:\Users\82103\Desktop\IntelliJ_Project\build\classes\java\main\com\heon9u\springboot\Application.class]
18:14:02.675 [Test worker] INFO org.springframework.boot.test.context.SpringBootTestContextBootstrapper - Found @SpringBootConfiguration com.heon9u.springboot.Application for test class com.heon9u.springboot.web.PostsApiControllerTest
18:14:02.774 [Test worker] DEBUG org.springframework.boot.test.context.SpringBootTestContextBootstrapper - @TestExecutionListeners is not present for class [com.heon9u.springboot.web.PostsApiControllerTest]: using defaults.
18:14:02.775 [Test worker] INFO org.springframework.boot.test.context.SpringBootTestContextBootstrapper - Loaded default TestExecutionListener class names from location [META-INF/spring.factories]: [org.springframework.security.test.context.support.WithSecurityContextTestExecutionListener, org.springframework.security.test.context.support.ReactorContextTestExecutionListener, org.springframework.boot.test.autoconfigure.restdocs.RestDocsTestExecutionListener, org.springframework.boot.test.autoconfigure.web.client.MockRestServiceServerResetTestExecutionListener, org.springframework.boot.test.autoconfigure.web.servlet.MockMvcPrintOnlyOnFailureTestExecutionListener, org.springframework.boot.test.autoconfigure.web.servlet.WebDriverTestExecutionListener, org.springframework.boot.test.mock.mockito.MockitoTestExecutionListener, org.springframework.boot.test.mock.mockito.ResetMocksTestExecutionListener, org.springframework.test.context.web.ServletTestExecutionListener, org.springframework.test.context.support.DirtiesContextBeforeModesTestExecutionListener, org.springframework.test.context.support.DependencyInjectionTestExecutionListener, org.springframework.test.context.support.DirtiesContextTestExecutionListener, org.springframework.test.context.transaction.TransactionalTestExecutionListener, org.springframework.test.context.jdbc.SqlScriptsTestExecutionListener]
18:14:02.803 [Test worker] INFO org.springframework.boot.test.context.SpringBootTestContextBootstrapper - Using TestExecutionListeners: [org.springframework.test.context.web.ServletTestExecutionListener@4245b5f8, org.springframework.test.context.support.DirtiesContextBeforeModesTestExecutionListener@1b564707, org.springframework.boot.test.mock.mockito.MockitoTestExecutionListener@2bf71d96, org.springframework.boot.test.autoconfigure.SpringBootDependencyInjectionTestExecutionListener@1a5715cd, org.springframework.test.context.support.DirtiesContextTestExecutionListener@7552890a, org.springframework.test.context.transaction.TransactionalTestExecutionListener@5c1586d8, org.springframework.test.context.jdbc.SqlScriptsTestExecutionListener@4f1d2b61, org.springframework.security.test.context.support.WithSecurityContextTestExecutionListener@6d46b632, org.springframework.security.test.context.support.ReactorContextTestExecutionListener@c3d7849, org.springframework.boot.test.autoconfigure.restdocs.RestDocsTestExecutionListener@7c6e1c50, org.springframework.boot.test.autoconfigure.web.client.MockRestServiceServerResetTestExecutionListener@5a0e769f, org.springframework.boot.test.autoconfigure.web.servlet.MockMvcPrintOnlyOnFailureTestExecutionListener@2a1acca, org.springframework.boot.test.autoconfigure.web.servlet.WebDriverTestExecutionListener@65b963e7, org.springframework.boot.test.mock.mockito.ResetMocksTestExecutionListener@69396f9c]
18:14:02.806 [Test worker] DEBUG org.springframework.test.annotation.ProfileValueUtils - Retrieved @ProfileValueSourceConfiguration [null] for test class [com.heon9u.springboot.web.PostsApiControllerTest]
18:14:02.807 [Test worker] DEBUG org.springframework.test.annotation.ProfileValueUtils - Retrieved ProfileValueSource type [class org.springframework.test.annotation.SystemProfileValueSource] for class [com.heon9u.springboot.web.PostsApiControllerTest]
18:14:02.812 [Test worker] DEBUG org.springframework.test.annotation.ProfileValueUtils - Retrieved @ProfileValueSourceConfiguration [null] for test class [com.heon9u.springboot.web.PostsApiControllerTest]
18:14:02.812 [Test worker] DEBUG org.springframework.test.annotation.ProfileValueUtils - Retrieved ProfileValueSource type [class org.springframework.test.annotation.SystemProfileValueSource] for class [com.heon9u.springboot.web.PostsApiControllerTest]
18:14:02.812 [Test worker] DEBUG org.springframework.test.annotation.ProfileValueUtils - Retrieved @ProfileValueSourceConfiguration [null] for test class [com.heon9u.springboot.web.PostsApiControllerTest]
18:14:02.812 [Test worker] DEBUG org.springframework.test.annotation.ProfileValueUtils - Retrieved ProfileValueSource type [class org.springframework.test.annotation.SystemProfileValueSource] for class [com.heon9u.springboot.web.PostsApiControllerTest]
18:14:02.816 [Test worker] DEBUG org.springframework.test.context.support.AbstractDirtiesContextTestExecutionListener - Before test class: context [DefaultTestContext@337d2a78 testClass = PostsApiControllerTest, testInstance = [null], testMethod = [null], testException = [null], mergedContextConfiguration = [WebMergedContextConfiguration@3d67fb5e testClass = PostsApiControllerTest, locations = '{}', classes = '{class com.heon9u.springboot.Application}', contextInitializerClasses = '[]', activeProfiles = '{}', propertySourceLocations = '{}', propertySourceProperties = '{org.springframework.boot.test.context.SpringBootTestContextBootstrapper=true, server.port=0}', contextCustomizers = set[org.springframework.boot.test.autoconfigure.properties.PropertyMappingContextCustomizer@0, org.springframework.boot.test.autoconfigure.web.servlet.WebDriverContextCustomizerFactory$Customizer@9595d98, org.springframework.boot.test.context.filter.ExcludeFilterContextCustomizer@12e67190, org.springframework.boot.test.json.DuplicateJsonObjectContextCustomizerFactory$DuplicateJsonObjectContextCustomizer@156ed2b7, org.springframework.boot.test.mock.mockito.MockitoContextCustomizer@0, org.springframework.boot.test.web.client.TestRestTemplateContextCustomizer@47e011d2], resourceBasePath = 'src/main/webapp', contextLoader = 'org.springframework.boot.test.context.SpringBootContextLoader', parent = [null]], attributes = map['org.springframework.test.context.web.ServletTestExecutionListener.activateListener' -> false]], class annotated with @DirtiesContext [false] with mode [null].
18:14:02.817 [Test worker] DEBUG org.springframework.test.annotation.ProfileValueUtils - Retrieved @ProfileValueSourceConfiguration [null] for test class [com.heon9u.springboot.web.PostsApiControllerTest]
18:14:02.817 [Test worker] DEBUG org.springframework.test.annotation.ProfileValueUtils - Retrieved ProfileValueSource type [class org.springframework.test.annotation.SystemProfileValueSource] for class [com.heon9u.springboot.web.PostsApiControllerTest]
18:14:02.822 [Test worker] DEBUG org.springframework.test.context.support.DependencyInjectionTestExecutionListener - Performing dependency injection for test context [[DefaultTestContext@337d2a78 testClass = PostsApiControllerTest, testInstance = com.heon9u.springboot.web.PostsApiControllerTest@6ae38aaf, testMethod = [null], testException = [null], mergedContextConfiguration = [WebMergedContextConfiguration@3d67fb5e testClass = PostsApiControllerTest, locations = '{}', classes = '{class com.heon9u.springboot.Application}', contextInitializerClasses = '[]', activeProfiles = '{}', propertySourceLocations = '{}', propertySourceProperties = '{org.springframework.boot.test.context.SpringBootTestContextBootstrapper=true, server.port=0}', contextCustomizers = set[org.springframework.boot.test.autoconfigure.properties.PropertyMappingContextCustomizer@0, org.springframework.boot.test.autoconfigure.web.servlet.WebDriverContextCustomizerFactory$Customizer@9595d98, org.springframework.boot.test.context.filter.ExcludeFilterContextCustomizer@12e67190, org.springframework.boot.test.json.DuplicateJsonObjectContextCustomizerFactory$DuplicateJsonObjectContextCustomizer@156ed2b7, org.springframework.boot.test.mock.mockito.MockitoContextCustomizer@0, org.springframework.boot.test.web.client.TestRestTemplateContextCustomizer@47e011d2], resourceBasePath = 'src/main/webapp', contextLoader = 'org.springframework.boot.test.context.SpringBootContextLoader', parent = [null]], attributes = map['org.springframework.test.context.web.ServletTestExecutionListener.activateListener' -> false]]].
18:14:02.842 [Test worker] DEBUG org.springframework.test.context.support.TestPropertySourceUtils - Adding inlined properties to environment: {spring.jmx.enabled=false, org.springframework.boot.test.context.SpringBootTestContextBootstrapper=true, server.port=0}

  .   ____          _            __ _ _
 /\\ / ___'_ __ _ _(_)_ __  __ _ \ \ \ \
( ( )\___ | '_ | '_| | '_ \/ _` | \ \ \ \
 \\/  ___)| |_)| | | | | || (_| |  ) ) ) )
  '  |____| .__|_| |_|_| |_\__, | / / / /
 =========|_|==============|___/=/_/_/_/
 :: Spring Boot ::        (v2.1.7.RELEASE)

2021-07-22 18:14:03.086  INFO 18828 --- [    Test worker] c.h.s.web.PostsApiControllerTest         : Starting PostsApiControllerTest on DESKTOP-E26FVHU with PID 18828 (started by 82103 in C:\Users\82103\Desktop\IntelliJ_Project)
2021-07-22 18:14:03.088  INFO 18828 --- [    Test worker] c.h.s.web.PostsApiControllerTest         : No active profile set, falling back to default profiles: default
2021-07-22 18:14:04.003  INFO 18828 --- [    Test worker] .s.d.r.c.RepositoryConfigurationDelegate : Bootstrapping Spring Data repositories in DEFAULT mode.
2021-07-22 18:14:04.137  INFO 18828 --- [    Test worker] .s.d.r.c.RepositoryConfigurationDelegate : Finished Spring Data repository scanning in 123ms. Found 2 repository interfaces.
2021-07-22 18:14:04.717  INFO 18828 --- [    Test worker] trationDelegate$BeanPostProcessorChecker : Bean 'org.springframework.transaction.annotation.ProxyTransactionManagementConfiguration' of type [org.springframework.transaction.annotation.ProxyTransactionManagementConfiguration$$EnhancerBySpringCGLIB$$9eadc8ca] is not eligible for getting processed by all BeanPostProcessors (for example: not eligible for auto-proxying)
2021-07-22 18:14:05.126  INFO 18828 --- [    Test worker] o.s.b.w.embedded.tomcat.TomcatWebServer  : Tomcat initialized with port(s): 0 (http)
2021-07-22 18:14:05.154  INFO 18828 --- [    Test worker] o.apache.catalina.core.StandardService   : Starting service [Tomcat]
2021-07-22 18:14:05.155  INFO 18828 --- [    Test worker] org.apache.catalina.core.StandardEngine  : Starting Servlet engine: [Apache Tomcat/9.0.22]
2021-07-22 18:14:05.333  INFO 18828 --- [    Test worker] o.a.c.c.C.[Tomcat].[localhost].[/]       : Initializing Spring embedded WebApplicationContext
2021-07-22 18:14:05.334  INFO 18828 --- [    Test worker] o.s.web.context.ContextLoader            : Root WebApplicationContext: initialization completed in 2228 ms
2021-07-22 18:14:05.671  INFO 18828 --- [    Test worker] com.zaxxer.hikari.HikariDataSource       : HikariPool-1 - Starting...
2021-07-22 18:14:05.843  INFO 18828 --- [    Test worker] com.zaxxer.hikari.HikariDataSource       : HikariPool-1 - Start completed.
2021-07-22 18:14:05.972  INFO 18828 --- [    Test worker] o.hibernate.jpa.internal.util.LogHelper  : HHH000204: Processing PersistenceUnitInfo [
	name: default
	...]
2021-07-22 18:14:06.058  INFO 18828 --- [    Test worker] org.hibernate.Version                    : HHH000412: Hibernate Core {5.3.10.Final}
2021-07-22 18:14:06.061  INFO 18828 --- [    Test worker] org.hibernate.cfg.Environment            : HHH000206: hibernate.properties not found
2021-07-22 18:14:06.238  INFO 18828 --- [    Test worker] o.hibernate.annotations.common.Version   : HCANN000001: Hibernate Commons Annotations {5.0.4.Final}
2021-07-22 18:14:06.420  INFO 18828 --- [    Test worker] org.hibernate.dialect.Dialect            : HHH000400: Using dialect: org.hibernate.dialect.MySQL5InnoDBDialect
Hibernate: drop table if exists posts
Hibernate: drop table if exists user
Hibernate: create table posts (id bigint not null auto_increment, created_date datetime, modified_date datetime, author varchar(255), content TEXT not null, title varchar(500) not null, primary key (id)) engine=InnoDB
Hibernate: create table user (id bigint not null auto_increment, created_date datetime, modified_date datetime, email varchar(255) not null, name varchar(255) not null, picture varchar(255), role varchar(255) not null, primary key (id)) engine=InnoDB
2021-07-22 18:14:07.066  INFO 18828 --- [    Test worker] o.h.t.schema.internal.SchemaCreatorImpl  : HHH000476: Executing import script 'org.hibernate.tool.schema.internal.exec.ScriptSourceInputNonExistentImpl@4d1ac8b6'
2021-07-22 18:14:07.069  INFO 18828 --- [    Test worker] j.LocalContainerEntityManagerFactoryBean : Initialized JPA EntityManagerFactory for persistence unit 'default'
2021-07-22 18:14:07.818  INFO 18828 --- [    Test worker] o.h.h.i.QueryTranslatorFactoryInitiator  : HHH000397: Using ASTQueryTranslatorFactory
2021-07-22 18:14:08.326  INFO 18828 --- [    Test worker] o.s.s.web.DefaultSecurityFilterChain     : Creating filter chain: any request, [org.springframework.security.web.context.request.async.WebAsyncManagerIntegrationFilter@76520c1d, org.springframework.security.web.context.SecurityContextPersistenceFilter@26d7f1ad, org.springframework.security.web.header.HeaderWriterFilter@10e2cfb5, org.springframework.security.web.authentication.logout.LogoutFilter@6668caee, org.springframework.security.oauth2.client.web.OAuth2AuthorizationRequestRedirectFilter@58cc977a, org.springframework.security.oauth2.client.web.OAuth2LoginAuthenticationFilter@dcd63d8, org.springframework.security.web.authentication.ui.DefaultLoginPageGeneratingFilter@5e3dcec1, org.springframework.security.web.authentication.ui.DefaultLogoutPageGeneratingFilter@40fe8b5, org.springframework.security.web.savedrequest.RequestCacheAwareFilter@7d34bd8d, org.springframework.security.web.servletapi.SecurityContextHolderAwareRequestFilter@467a1943, org.springframework.security.web.authentication.AnonymousAuthenticationFilter@1ef0da5, org.springframework.security.web.session.SessionManagementFilter@5e034fda, org.springframework.security.web.access.ExceptionTranslationFilter@11e10e4f, org.springframework.security.web.access.intercept.FilterSecurityInterceptor@3b73dcf1]
2021-07-22 18:14:08.742  INFO 18828 --- [    Test worker] o.s.s.concurrent.ThreadPoolTaskExecutor  : Initializing ExecutorService 'applicationTaskExecutor'
2021-07-22 18:14:08.802  WARN 18828 --- [    Test worker] aWebConfiguration$JpaWebMvcConfiguration : spring.jpa.open-in-view is enabled by default. Therefore, database queries may be performed during view rendering. Explicitly configure spring.jpa.open-in-view to disable this warning
2021-07-22 18:14:08.854  INFO 18828 --- [    Test worker] o.s.b.a.w.s.WelcomePageHandlerMapping    : Adding welcome page template: index
2021-07-22 18:14:09.268  INFO 18828 --- [    Test worker] s.a.ScheduledAnnotationBeanPostProcessor : No TaskScheduler/ScheduledExecutorService bean found for scheduled processing
2021-07-22 18:14:09.296  INFO 18828 --- [    Test worker] o.s.b.w.embedded.tomcat.TomcatWebServer  : Tomcat started on port(s): 49227 (http) with context path ''
2021-07-22 18:14:09.299  INFO 18828 --- [    Test worker] c.h.s.web.PostsApiControllerTest         : Started PostsApiControllerTest in 6.454 seconds (JVM running for 7.451)
2021-07-22 18:14:09.429  INFO 18828 --- [    Test worker] o.a.c.c.C.[Tomcat].[localhost].[/]       : Initializing Spring TestDispatcherServlet ''
2021-07-22 18:14:09.430  INFO 18828 --- [    Test worker] o.s.t.web.servlet.TestDispatcherServlet  : Initializing Servlet ''
2021-07-22 18:14:09.443  INFO 18828 --- [    Test worker] o.s.t.web.servlet.TestDispatcherServlet  : Completed initialization in 13 ms
Hibernate: insert into posts (created_date, modified_date, author, content, title) values (?, ?, ?, ?, ?)
Hibernate: select posts0_.id as id1_0_, posts0_.created_date as created_2_0_, posts0_.modified_date as modified3_0_, posts0_.author as author4_0_, posts0_.content as content5_0_, posts0_.title as title6_0_ from posts posts0_
Hibernate: select posts0_.id as id1_0_, posts0_.created_date as created_2_0_, posts0_.modified_date as modified3_0_, posts0_.author as author4_0_, posts0_.content as content5_0_, posts0_.title as title6_0_ from posts posts0_
Hibernate: delete from posts where id=?
]]></system-out>
  <system-err><![CDATA[]]></system-err>
</testsuite>
